9/30/2025 4:39:31 PM : Starting build of Index : C:\Collection Kit work\zVM_7.4_3Q25_Indexed_PDF_Collection\Index for the zVM 740 3Q25 PDF Collection.pdx
9/30/2025 4:39:31 PM : Searching : C:\Collection Kit work\zVM_7.4_3Q25_Indexed_PDF_Collection\
9/30/2025 4:39:42 PM : Indexing 89 files
9/30/2025 4:39:42 PM : Extracting : C:\Collection Kit work\zVM_7.4_3Q25_Indexed_PDF_Collection\c2303610.pdf
9/30/2025 4:39:46 PM : Extracting : C:\Collection Kit work\zVM_7.4_3Q25_Indexed_PDF_Collection\c2455572.pdf
9/30/2025 4:39:54 PM : Extracting : C:\Collection Kit work\zVM_7.4_3Q25_Indexed_PDF_Collection\c2457101.pdf
9/30/2025 4:39:54 PM : Extracting : C:\Collection Kit work\zVM_7.4_3Q25_Indexed_PDF_Collection\c2462521.pdf
9/30/2025 4:40:13 PM : Extracting : C:\Collection Kit work\zVM_7.4_3Q25_Indexed_PDF_Collection\ceeb7_v7r4.pdf
9/30/2025 4:40:15 PM : Extracting : C:\Collection Kit work\zVM_7.4_3Q25_Indexed_PDF_Collection\dmsa3_v7r4.pdf
9/30/2025 4:40:29 PM : Extracting : C:\Collection Kit work\zVM_7.4_3Q25_Indexed_PDF_Collection\dmsa4_v7r4.pdf
9/30/2025 4:40:47 PM : Extracting : C:\Collection Kit work\zVM_7.4_3Q25_Indexed_PDF_Collection\dmsa5_v7r4.pdf
9/30/2025 4:40:54 PM : Extracting : C:\Collection Kit work\zVM_7.4_3Q25_Indexed_PDF_Collection\dmsa6_v7r4.pdf
9/30/2025 4:40:59 PM : Extracting : C:\Collection Kit work\zVM_7.4_3Q25_Indexed_PDF_Collection\dmsb0_v7r4.pdf
9/30/2025 4:41:02 PM : Extracting : C:\Collection Kit work\zVM_7.4_3Q25_Indexed_PDF_Collection\dmsb1_v7r4.pdf
9/30/2025 4:41:10 PM : Extracting : C:\Collection Kit work\zVM_7.4_3Q25_Indexed_PDF_Collection\dmsb2_v7r4.pdf
9/30/2025 4:41:13 PM : Extracting : C:\Collection Kit work\zVM_7.4_3Q25_Indexed_PDF_Collection\dmsb3_v7r4.pdf
9/30/2025 4:41:20 PM : Extracting : C:\Collection Kit work\zVM_7.4_3Q25_Indexed_PDF_Collection\dmsb4_v7r4.pdf
9/30/2025 4:41:36 PM : Extracting : C:\Collection Kit work\zVM_7.4_3Q25_Indexed_PDF_Collection\dmsb5_v7r4.pdf
9/30/2025 4:41:38 PM : Extracting : C:\Collection Kit work\zVM_7.4_3Q25_Indexed_PDF_Collection\dmsb6_v7r4.pdf
9/30/2025 4:41:46 PM : Extracting : C:\Collection Kit work\zVM_7.4_3Q25_Indexed_PDF_Collection\dmsc6_v7r4.pdf
9/30/2025 4:42:04 PM : Extracting : C:\Collection Kit work\zVM_7.4_3Q25_Indexed_PDF_Collection\dmsd0_v7r4.pdf
9/30/2025 4:42:11 PM : Extracting : C:\Collection Kit work\zVM_7.4_3Q25_Indexed_PDF_Collection\dmsd1_v7r4.pdf
9/30/2025 4:42:14 PM : Extracting : C:\Collection Kit work\zVM_7.4_3Q25_Indexed_PDF_Collection\dmse6_v7r4.pdf
9/30/2025 4:42:31 PM : Extracting : C:\Collection Kit work\zVM_7.4_3Q25_Indexed_PDF_Collection\dmsk7_v7r4.pdf
9/30/2025 4:42:39 PM : Extracting : C:\Collection Kit work\zVM_7.4_3Q25_Indexed_PDF_Collection\dmsl0_v7r4.pdf
9/30/2025 4:42:41 PM : Extracting : C:\Collection Kit work\zVM_7.4_3Q25_Indexed_PDF_Collection\dmsp0_v7r4.pdf
9/30/2025 4:42:42 PM : Extracting : C:\Collection Kit work\zVM_7.4_3Q25_Indexed_PDF_Collection\dmsp1_v7r4.pdf
9/30/2025 4:42:54 PM : Extracting : C:\Collection Kit work\zVM_7.4_3Q25_Indexed_PDF_Collection\dmsp2_v7r4.pdf
9/30/2025 4:42:59 PM : Extracting : C:\Collection Kit work\zVM_7.4_3Q25_Indexed_PDF_Collection\dmsp3_v7r4.pdf
9/30/2025 4:43:10 PM : Extracting : C:\Collection Kit work\zVM_7.4_3Q25_Indexed_PDF_Collection\dmsp4_v7r4.pdf
9/30/2025 4:43:14 PM : Extracting : C:\Collection Kit work\zVM_7.4_3Q25_Indexed_PDF_Collection\dmsw0_v7r4.pdf
9/30/2025 4:43:29 PM : Extracting : C:\Collection Kit work\zVM_7.4_3Q25_Indexed_PDF_Collection\dmta1_v7r4.pdf
9/30/2025 4:43:37 PM : Extracting : C:\Collection Kit work\zVM_7.4_3Q25_Indexed_PDF_Collection\dmta2_v7r4.pdf
9/30/2025 4:43:47 PM : Extracting : C:\Collection Kit work\zVM_7.4_3Q25_Indexed_PDF_Collection\dmta3_v7r4.pdf
9/30/2025 4:43:53 PM : Extracting : C:\Collection Kit work\zVM_7.4_3Q25_Indexed_PDF_Collection\dmta4_v7r4.pdf
9/30/2025 4:44:00 PM : Extracting : C:\Collection Kit work\zVM_7.4_3Q25_Indexed_PDF_Collection\dmta7_v7r4.pdf
9/30/2025 4:44:07 PM : Extracting : C:\Collection Kit work\zVM_7.4_3Q25_Indexed_PDF_Collection\edclv_v7r4.pdf
9/30/2025 4:44:29 PM : Extracting : C:\Collection Kit work\zVM_7.4_3Q25_Indexed_PDF_Collection\gcta0_v7r4.pdf
9/30/2025 4:44:35 PM : Extracting : C:\Collection Kit work\zVM_7.4_3Q25_Indexed_PDF_Collection\hcpa0_v7r4.pdf
9/30/2025 4:44:37 PM : Extracting : C:\Collection Kit work\zVM_7.4_3Q25_Indexed_PDF_Collection\hcpa2_v7r4.pdf
9/30/2025 4:44:41 PM : Extracting : C:\Collection Kit work\zVM_7.4_3Q25_Indexed_PDF_Collection\hcpa3_v7r4.pdf
9/30/2025 4:45:00 PM : Extracting : C:\Collection Kit work\zVM_7.4_3Q25_Indexed_PDF_Collection\hcpa4_v7r4.pdf
9/30/2025 4:45:02 PM : Extracting : C:\Collection Kit work\zVM_7.4_3Q25_Indexed_PDF_Collection\hcpa5_v7r4.pdf
9/30/2025 4:45:25 PM : Extracting : C:\Collection Kit work\zVM_7.4_3Q25_Indexed_PDF_Collection\hcpa6_v7r4.pdf
9/30/2025 4:45:32 PM : Extracting : C:\Collection Kit work\zVM_7.4_3Q25_Indexed_PDF_Collection\hcpa7_v7r4.pdf
9/30/2025 4:45:36 PM : Extracting : C:\Collection Kit work\zVM_7.4_3Q25_Indexed_PDF_Collection\hcpb1_v7r4.pdf
9/30/2025 4:45:42 PM : Extracting : C:\Collection Kit work\zVM_7.4_3Q25_Indexed_PDF_Collection\hcpb2_v7r4.pdf
9/30/2025 4:45:46 PM : Extracting : C:\Collection Kit work\zVM_7.4_3Q25_Indexed_PDF_Collection\hcpb4_v7r4.pdf
9/30/2025 4:46:10 PM : Extracting : C:\Collection Kit work\zVM_7.4_3Q25_Indexed_PDF_Collection\hcpb5_v7r4.pdf
9/30/2025 4:46:15 PM : Extracting : C:\Collection Kit work\zVM_7.4_3Q25_Indexed_PDF_Collection\hcpb6_v7r4.pdf
9/30/2025 4:46:16 PM : Extracting : C:\Collection Kit work\zVM_7.4_3Q25_Indexed_PDF_Collection\hcpb7_v7r4.pdf
9/30/2025 4:47:03 PM : Extracting : C:\Collection Kit work\zVM_7.4_3Q25_Indexed_PDF_Collection\hcpb8_v7r4.pdf
9/30/2025 4:47:10 PM : Extracting : C:\Collection Kit work\zVM_7.4_3Q25_Indexed_PDF_Collection\hcpb9_v7r4.pdf
9/30/2025 4:47:11 PM : Extracting : C:\Collection Kit work\zVM_7.4_3Q25_Indexed_PDF_Collection\hcpc1_v7r4.pdf
9/30/2025 4:47:16 PM : Extracting : C:\Collection Kit work\zVM_7.4_3Q25_Indexed_PDF_Collection\hcpc3_v7r4.pdf
9/30/2025 4:47:20 PM : Extracting : C:\Collection Kit work\zVM_7.4_3Q25_Indexed_PDF_Collection\hcpe2_v7r4.pdf
9/30/2025 4:47:27 PM : Extracting : C:\Collection Kit work\zVM_7.4_3Q25_Indexed_PDF_Collection\hcpe5_v7r4.pdf
9/30/2025 4:47:32 PM : Extracting : C:\Collection Kit work\zVM_7.4_3Q25_Indexed_PDF_Collection\hcpe9_v7r4.pdf
9/30/2025 4:47:38 PM : Extracting : C:\Collection Kit work\zVM_7.4_3Q25_Indexed_PDF_Collection\hcpf2_v7r4.pdf
9/30/2025 4:47:45 PM : Extracting : C:\Collection Kit work\zVM_7.4_3Q25_Indexed_PDF_Collection\hcpg4_v7r4.pdf
9/30/2025 4:47:47 PM : Extracting : C:\Collection Kit work\zVM_7.4_3Q25_Indexed_PDF_Collection\hcpk2_v7r4.pdf
9/30/2025 4:47:52 PM : Extracting : C:\Collection Kit work\zVM_7.4_3Q25_Indexed_PDF_Collection\hcpk3_v7r4.pdf
9/30/2025 4:47:56 PM : Extracting : C:\Collection Kit work\zVM_7.4_3Q25_Indexed_PDF_Collection\hcpk4_v7r4.pdf
9/30/2025 4:47:59 PM : Extracting : C:\Collection Kit work\zVM_7.4_3Q25_Indexed_PDF_Collection\hcpl0_v7r4.pdf
9/30/2025 4:48:01 PM : Extracting : C:\Collection Kit work\zVM_7.4_3Q25_Indexed_PDF_Collection\hcpl7_v7r4.pdf
9/30/2025 4:48:12 PM : Extracting : C:\Collection Kit work\zVM_7.4_3Q25_Indexed_PDF_Collection\hcpl8_v7r4.pdf
9/30/2025 4:48:14 PM : Extracting : C:\Collection Kit work\zVM_7.4_3Q25_Indexed_PDF_Collection\hcps0e_v7r4.pdf
9/30/2025 4:48:15 PM : Extracting : C:\Collection Kit work\zVM_7.4_3Q25_Indexed_PDF_Collection\hcps0_v7r4.pdf
9/30/2025 4:48:16 PM : Extracting : C:\Collection Kit work\zVM_7.4_3Q25_Indexed_PDF_Collection\hcpt0_v7r4.pdf
9/30/2025 4:48:16 PM : Extracting : C:\Collection Kit work\zVM_7.4_3Q25_Indexed_PDF_Collection\hcpt1_v7r4.pdf
9/30/2025 4:48:18 PM : Extracting : C:\Collection Kit work\zVM_7.4_3Q25_Indexed_PDF_Collection\hcpt2_v7r4.pdf
9/30/2025 4:48:20 PM : Extracting : C:\Collection Kit work\zVM_7.4_3Q25_Indexed_PDF_Collection\hcpt3_v7r4.pdf
9/30/2025 4:48:22 PM : Extracting : C:\Collection Kit work\zVM_7.4_3Q25_Indexed_PDF_Collection\hcpt4_v7r4.pdf
9/30/2025 4:48:25 PM : Extracting : C:\Collection Kit work\zVM_7.4_3Q25_Indexed_PDF_Collection\hcpt5_v7r4.pdf
9/30/2025 4:48:26 PM : Extracting : C:\Collection Kit work\zVM_7.4_3Q25_Indexed_PDF_Collection\hcpw0_v7r4.pdf
9/30/2025 4:48:40 PM : Extracting : C:\Collection Kit work\zVM_7.4_3Q25_Indexed_PDF_Collection\hcpw1_v7r4.pdf
9/30/2025 4:48:45 PM : Extracting : C:\Collection Kit work\zVM_7.4_3Q25_Indexed_PDF_Collection\icha1_v7r4.pdf
9/30/2025 4:48:46 PM : Extracting : C:\Collection Kit work\zVM_7.4_3Q25_Indexed_PDF_Collection\icha2_v7r4.pdf
9/30/2025 4:48:49 PM : Extracting : C:\Collection Kit work\zVM_7.4_3Q25_Indexed_PDF_Collection\icha3_v7r4.pdf
9/30/2025 4:48:55 PM : Extracting : C:\Collection Kit work\zVM_7.4_3Q25_Indexed_PDF_Collection\icha4_v7r4.pdf
9/30/2025 4:48:59 PM : Extracting : C:\Collection Kit work\zVM_7.4_3Q25_Indexed_PDF_Collection\icha6_v7r4.pdf
9/30/2025 4:49:05 PM : Extracting : C:\Collection Kit work\zVM_7.4_3Q25_Indexed_PDF_Collection\icha7_v7r4.pdf
9/30/2025 4:49:09 PM : Extracting : C:\Collection Kit work\zVM_7.4_3Q25_Indexed_PDF_Collection\icha8_v7r4.pdf
9/30/2025 4:49:11 PM : Extracting : C:\Collection Kit work\zVM_7.4_3Q25_Indexed_PDF_Collection\ichb2_v7r4.pdf
9/30/2025 4:49:13 PM : Extracting : C:\Collection Kit work\zVM_7.4_3Q25_Indexed_PDF_Collection\ichc6_v7r4.pdf
9/30/2025 4:49:18 PM : Extracting : C:\Collection Kit work\zVM_7.4_3Q25_Indexed_PDF_Collection\kdpl0_v7r4.pdf
9/30/2025 4:49:21 PM : Extracting : C:\Collection Kit work\zVM_7.4_3Q25_Indexed_PDF_Collection\kijl0_v7r4.pdf
9/30/2025 4:49:27 PM : Extracting : C:\Collection Kit work\zVM_7.4_3Q25_Indexed_PDF_Collection\kill0_v7r4.pdf
9/30/2025 4:49:36 PM : Extracting : C:\Collection Kit work\zVM_7.4_3Q25_Indexed_PDF_Collection\kiml0_v7r4.pdf
9/30/2025 4:49:40 PM : Extracting : C:\Collection Kit work\zVM_7.4_3Q25_Indexed_PDF_Collection\kinl0_v7r4.pdf
9/30/2025 4:49:50 PM : Extracting : C:\Collection Kit work\zVM_7.4_3Q25_Indexed_PDF_Collection\kldl0_v7r4.pdf
9/30/2025 4:49:55 PM : Extracting : C:\Collection Kit work\zVM_7.4_3Q25_Indexed_PDF_Collection\vmcug_v7r4.pdf
9/30/2025 4:49:57 PM : Creating Index
9/30/2025 4:50:08 PM :   Total PDF files in all directories : 89
9/30/2025 4:50:08 PM :   Total PDF attachments : 0
9/30/2025 4:50:08 PM :   Total new files : 89
9/30/2025 4:50:08 PM :   Total pages indexed : 37410
9/30/2025 4:50:08 PM :   Total number of files skipped : 0
9/30/2025 4:50:08 PM :   Total deleted files : 0
9/30/2025 4:50:08 PM : Index build successful.
